2020-01-15 11:54:22 INFO  :10 -      Setting implicitly wait
2020-01-15 11:54:24 ERROR :18 - EXCEPTION CATCH:Caught exception
java.lang.NullPointerException
	at framework.utils.ReadValuesFromConfig.readValues(ReadValuesFromConfig.java:34)
	at framework.browsers.BrowserOptions.<clinit>(BrowserOptions.java:11)
	at framework.browsers.BrowserManager.getDriver(BrowserManager.java:23)
	at framework.browsers.Browser.getDriver(Browser.java:10)
	at framework.browsers.Browser.setWaits(Browser.java:30)
	at vkapi.tests.BaseTest.bfTest(BaseTest.java:15)
	at java.base/jdk.internal.reflect.NativeMethodAccessorImpl.invoke0(Native Method)
	at java.base/jdk.internal.reflect.NativeMethodAccessorImpl.invoke(NativeMethodAccessorImpl.java:62)
	at java.base/jdk.internal.reflect.DelegatingMethodAccessorImpl.invoke(DelegatingMethodAccessorImpl.java:43)
	at java.base/java.lang.reflect.Method.invoke(Method.java:566)
	at org.testng.internal.MethodInvocationHelper.invokeMethod(MethodInvocationHelper.java:124)
	at org.testng.internal.MethodInvocationHelper.invokeMethodConsideringTimeout(MethodInvocationHelper.java:59)
	at org.testng.internal.Invoker.invokeConfigurationMethod(Invoker.java:458)
	at org.testng.internal.Invoker.invokeConfigurations(Invoker.java:222)
	at org.testng.internal.Invoker.invokeConfigurations(Invoker.java:142)
	at org.testng.TestRunner.beforeRun(TestRunner.java:529)
	at org.testng.TestRunner.run(TestRunner.java:497)
	at org.testng.SuiteRunner.runTest(SuiteRunner.java:455)
	at org.testng.SuiteRunner.runSequentially(SuiteRunner.java:450)
	at org.testng.SuiteRunner.privateRun(SuiteRunner.java:415)
	at org.testng.SuiteRunner.run(SuiteRunner.java:364)
	at org.testng.SuiteRunnerWorker.runSuite(SuiteRunnerWorker.java:52)
	at org.testng.SuiteRunnerWorker.run(SuiteRunnerWorker.java:84)
	at org.testng.TestNG.runSuitesSequentially(TestNG.java:1208)
	at org.testng.TestNG.runSuitesLocally(TestNG.java:1137)
	at org.testng.TestNG.runSuites(TestNG.java:1049)
	at org.testng.TestNG.run(TestNG.java:1017)
	at com.intellij.rt.testng.IDEARemoteTestNG.run(IDEARemoteTestNG.java:66)
	at com.intellij.rt.testng.RemoteTestNGStarter.main(RemoteTestNGStarter.java:110)
2020-01-15 11:54:24 INFO  :10 -      Setting page load wait
2020-01-15 11:54:24 INFO  :10 -      Maximizing browser window
2020-01-15 11:54:24 INFO  :22 - STEP: Went on main Page
2020-01-15 11:54:24 INFO  :10 -      Getting browser
2020-01-15 11:54:26 INFO  :10 -      Checking if main page is opened
2020-01-15 11:54:26 INFO  :10 -      Checked if element Log in label is visible
2020-01-15 11:54:26 INFO  :22 - STEP: Logging in
2020-01-15 11:54:26 INFO  :10 -      Clicked on element Log in button
2020-01-15 11:54:26 INFO  :10 -      Checking if new page is opened
2020-01-15 11:54:29 INFO  :22 - STEP: Opening my vk page
2020-01-15 11:54:29 INFO  :10 -      Clicked on element My page button
2020-01-15 11:54:29 INFO  :10 -      Checking if my vk page is opened
2020-01-15 11:54:29 INFO  :10 -      Checked if element My vk page label is visible
2020-01-15 11:54:44 INFO  :10 -      Closing Browser
2020-01-16 13:06:56 INFO  :10 -      Setting implicitly wait
2020-01-16 13:06:56 ERROR :18 - EXCEPTION CATCH:Caught exception
java.lang.NullPointerException
	at framework.utils.ReadValuesFromConfig.readValues(ReadValuesFromConfig.java:34)
	at framework.browsers.BrowserOptions.<clinit>(BrowserOptions.java:11)
	at framework.browsers.BrowserManager.getDriver(BrowserManager.java:23)
	at framework.browsers.Browser.getDriver(Browser.java:10)
	at framework.browsers.Browser.setWaits(Browser.java:30)
	at vkapi.tests.BaseTest.bfTest(BaseTest.java:15)
	at java.base/jdk.internal.reflect.NativeMethodAccessorImpl.invoke0(Native Method)
	at java.base/jdk.internal.reflect.NativeMethodAccessorImpl.invoke(NativeMethodAccessorImpl.java:62)
	at java.base/jdk.internal.reflect.DelegatingMethodAccessorImpl.invoke(DelegatingMethodAccessorImpl.java:43)
	at java.base/java.lang.reflect.Method.invoke(Method.java:566)
	at org.testng.internal.MethodInvocationHelper.invokeMethod(MethodInvocationHelper.java:124)
	at org.testng.internal.MethodInvocationHelper.invokeMethodConsideringTimeout(MethodInvocationHelper.java:59)
	at org.testng.internal.Invoker.invokeConfigurationMethod(Invoker.java:458)
	at org.testng.internal.Invoker.invokeConfigurations(Invoker.java:222)
	at org.testng.internal.Invoker.invokeConfigurations(Invoker.java:142)
	at org.testng.TestRunner.beforeRun(TestRunner.java:529)
	at org.testng.TestRunner.run(TestRunner.java:497)
	at org.testng.SuiteRunner.runTest(SuiteRunner.java:455)
	at org.testng.SuiteRunner.runSequentially(SuiteRunner.java:450)
	at org.testng.SuiteRunner.privateRun(SuiteRunner.java:415)
	at org.testng.SuiteRunner.run(SuiteRunner.java:364)
	at org.testng.SuiteRunnerWorker.runSuite(SuiteRunnerWorker.java:52)
	at org.testng.SuiteRunnerWorker.run(SuiteRunnerWorker.java:84)
	at org.testng.TestNG.runSuitesSequentially(TestNG.java:1208)
	at org.testng.TestNG.runSuitesLocally(TestNG.java:1137)
	at org.testng.TestNG.runSuites(TestNG.java:1049)
	at org.testng.TestNG.run(TestNG.java:1017)
	at com.intellij.rt.testng.IDEARemoteTestNG.run(IDEARemoteTestNG.java:66)
	at com.intellij.rt.testng.RemoteTestNGStarter.main(RemoteTestNGStarter.java:110)
2020-01-16 13:06:57 INFO  :10 -      Setting page load wait
2020-01-16 13:06:57 INFO  :10 -      Maximizing browser window
2020-01-16 13:06:57 INFO  :22 - STEP: Went on main Page
2020-01-16 13:06:57 INFO  :10 -      Getting browser
2020-01-16 13:06:58 INFO  :10 -      Checking if main page is opened
2020-01-16 13:06:59 INFO  :10 -      Checked if element Log in label is visible
2020-01-16 13:06:59 INFO  :22 - STEP: Logging in
2020-01-16 13:06:59 INFO  :10 -      Clicked on element Log in button
2020-01-16 13:06:59 INFO  :10 -      Checking if new page is opened
2020-01-16 13:07:01 INFO  :22 - STEP: Opening my vk page
2020-01-16 13:07:01 INFO  :10 -      Clicked on element My page button
2020-01-16 13:07:02 INFO  :10 -      Checking if my vk page is opened
2020-01-16 13:07:02 INFO  :10 -      Checked if element My vk page label is visible
2020-01-16 13:07:17 INFO  :10 -      Closing Browser
